<?xml version="1.0" encoding="UTF-8"?>
<!-- Generated by org.testng.reporters.JUnitXMLReporter -->
<testsuite ignored="0" hostname="EC2AMAZ-S11DBRH" failures="1" tests="1" name="Default test" time="5.462" errors="0" timestamp="2024-05-07T04:28:06 GMT">
  <testcase classname="io.cucumber.testng.AbstractTestNGCucumberTests" name="runScenario" time="5.059">
    <failure type="java.lang.AssertionError" message="expected [Selenium Tutotial - Google Search page] but found [Selenium Tutotial - Google Search]">
      <![CDATA[java.lang.AssertionError: expected [Selenium Tutotial - Google Search page] but found [Selenium Tutotial - Google Search]
at org.testng.Assert.fail(Assert.java:99)
at org.testng.Assert.failNotEquals(Assert.java:1037)
at org.testng.Assert.assertEqualsImpl(Assert.java:140)
at org.testng.Assert.assertEquals(Assert.java:122)
at org.testng.Assert.assertEquals(Assert.java:629)
at org.testng.Assert.assertEquals(Assert.java:639)
at stepDefs.GooglePageStepDef.should_display_selenium_tutorial_page(GooglePageStepDef.java:47)
at âœ½.Should display Selenium Tutorial page(file:///C:/Users/Administrator/git/BDDProject/src/test/resources/features/GooglePage.feature:11)
]]>
    </failure>
  </testcase> <!-- runScenario -->
</testsuite> <!-- Default test -->
